<?xml version="1.0" encoding="UTF-8"?>
<testng-results ignored="0" total="1" passed="1" failed="0" skipped="0">
  <reporter-output>
  </reporter-output>
  <suite started-at="2021-05-04T02:35:41 MSK" name="All Test Suite" finished-at="2021-05-04T02:36:08 MSK" duration-ms="26729">
    <groups>
    </groups>
    <test started-at="2021-05-04T02:35:41 MSK" name="C:/SDET/SDET_/testProject" finished-at="2021-05-04T02:36:08 MSK" duration-ms="26729">
      <class name="tests.NumberLetters">
        <test-method is-config="true" signature="beforeMethod()[pri:0, instance:tests.NumberLetters@5bfa9431]" started-at="2021-05-04T02:35:41 MSK" name="beforeMethod" finished-at="2021-05-04T02:35:53 MSK" duration-ms="11693" status="PASS">
          <reporter-output>
          </reporter-output>
        </test-method> <!-- beforeMethod -->
        <test-method signature="searchTest()[pri:0, instance:tests.NumberLetters@5bfa9431]" started-at="2021-05-04T02:35:53 MSK" name="searchTest" finished-at="2021-05-04T02:36:07 MSK" duration-ms="14186" status="PASS">
          <reporter-output>
          </reporter-output>
        </test-method> <!-- searchTest -->
        <test-method is-config="true" signature="after()[pri:0, instance:tests.NumberLetters@5bfa9431]" started-at="2021-05-04T02:36:07 MSK" name="after" finished-at="2021-05-04T02:36:08 MSK" duration-ms="796" status="PASS">
          <reporter-output>
          </reporter-output>
        </test-method> <!-- after -->
      </class> <!-- tests.NumberLetters -->
    </test> <!-- C:/SDET/SDET_/testProject -->
  </suite> <!-- All Test Suite -->
</testng-results>
