<?xml version="1.0" encoding="UTF-8"?>
<testng-results ignored="0" total="1" passed="1" failed="0" skipped="0">
  <reporter-output>
  </reporter-output>
  <suite started-at="2021-05-05T17:52:59 MSK" name="All Test Suite" finished-at="2021-05-05T17:53:25 MSK" duration-ms="26139">
    <groups>
    </groups>
    <test started-at="2021-05-05T17:52:59 MSK" name="C:/SDET/SDET_/testProject" finished-at="2021-05-05T17:53:25 MSK" duration-ms="26139">
      <class name="tests.NumberLetters">
        <test-method is-config="true" signature="beforeMethod()[pri:0, instance:tests.NumberLetters@5bb3131b]" started-at="2021-05-05T17:52:59 MSK" name="beforeMethod" finished-at="2021-05-05T17:53:12 MSK" duration-ms="12911" status="PASS">
          <reporter-output>
          </reporter-output>
        </test-method> <!-- beforeMethod -->
        <test-method signature="searchTest()[pri:0, instance:tests.NumberLetters@5bb3131b]" started-at="2021-05-05T17:53:12 MSK" name="searchTest" finished-at="2021-05-05T17:53:24 MSK" duration-ms="11900" status="PASS">
          <reporter-output>
          </reporter-output>
        </test-method> <!-- searchTest -->
        <test-method is-config="true" signature="after()[pri:0, instance:tests.NumberLetters@5bb3131b]" started-at="2021-05-05T17:53:24 MSK" name="after" finished-at="2021-05-05T17:53:25 MSK" duration-ms="984" status="PASS">
          <reporter-output>
          </reporter-output>
        </test-method> <!-- after -->
      </class> <!-- tests.NumberLetters -->
    </test> <!-- C:/SDET/SDET_/testProject -->
  </suite> <!-- All Test Suite -->
</testng-results>
